<?xml version="1.0" encoding="utf-8"?>
<!DOCTYPE coverage SYSTEM "http://cobertura.sourceforge.net/xml/coverage-04.dtd">
<coverage line-rate="0.7953357458785686" branch-rate="0.7016348773841962" lines-covered="1978" lines-valid="2487" branches-covered="515" branches-valid="734" complexity="839" version="0" timestamp="1709030351">
  <sources />
  <packages>
    <package name="SQLite.Tests" line-rate="0.7953357458785686" branch-rate="0.7016348773841962" complexity="839">
      <classes>
        <class name="AutoGeneratedProgram" filename="/Users/runner/.nuget/packages/microsoft.net.test.sdk/17.9.0/build/netcoreapp3.1/Microsoft.NET.Test.Sdk.Program.cs" line-rate="0" branch-rate="1" complexity="NaN">
          <methods>
            <method name="Main" signature="(System.String[])" line-rate="0" branch-rate="1" complexity="NaN">
              <lines>
                <line number="4" hits="0" branch="false" />
              </lines>
            </method>
          </methods>
          <lines>
            <line number="4" hits="0" branch="false" />
          </lines>
        </class>
        <class name="SQLite.AsyncTableQuery`1" filename="/Users/runner/work/KsWare.Data.SQLitePCL/KsWare.Data.SQLitePCL/src/SQLiteAsync.cs" line-rate="0.5675675675675675" branch-rate="1" complexity="6">
          <methods>
            <method name=".ctor" signature="(SQLite.TableQuery`1&lt;T&gt;)" line-rate="1" branch-rate="1" complexity="NaN">
              <lines>
                <line number="1282" hits="1049" branch="false" />
                <line number="1283" hits="1049" branch="false" />
                <line number="1284" hits="1049" branch="false" />
                <line number="1285" hits="1049" branch="false" />
              </lines>
            </method>
            <method name="ReadAsync" signature="(System.Func`2&lt;SQLite.SQLiteConnectionWithLock,U&gt;)" line-rate="1" branch-rate="1" complexity="NaN">
              <lines>
                <line number="1288" hits="532" branch="false" />
                <line number="1289" hits="1064" branch="false" />
                <line number="1290" hits="1064" branch="false" />
                <line number="1291" hits="1596" branch="false" />
                <line number="1292" hits="1064" branch="false" />
                <line number="1293" hits="532" branch="false" />
                <line number="1294" hits="1062" branch="false" />
                <line number="1295" hits="532" branch="false" />
              </lines>
            </method>
            <method name="WriteAsync" signature="(System.Func`2&lt;SQLite.SQLiteConnectionWithLock,U&gt;)" line-rate="0" branch-rate="1" complexity="NaN">
              <lines>
                <line number="1298" hits="0" branch="false" />
                <line number="1299" hits="0" branch="false" />
                <line number="1300" hits="0" branch="false" />
                <line number="1301" hits="0" branch="false" />
                <line number="1302" hits="0" branch="false" />
                <line number="1303" hits="0" branch="false" />
                <line number="1304" hits="0" branch="false" />
                <line number="1305" hits="0" branch="false" />
              </lines>
            </method>
            <method name="Where" signature="(System.Linq.Expressions.Expression`1&lt;System.Func`2&lt;T,System.Boolean&gt;&gt;)" line-rate="1" branch-rate="1" complexity="NaN">
              <lines>
                <line number="1311" hits="513" branch="false" />
                <line number="1312" hits="513" branch="false" />
                <line number="1313" hits="513" branch="false" />
              </lines>
            </method>
            <method name="Skip" signature="(System.Int32)" line-rate="1" branch-rate="1" complexity="NaN">
              <lines>
                <line number="1319" hits="1" branch="false" />
                <line number="1320" hits="1" branch="false" />
                <line number="1321" hits="1" branch="false" />
              </lines>
            </method>
            <method name="Take" signature="(System.Int32)" line-rate="1" branch-rate="1" complexity="NaN">
              <lines>
                <line number="1327" hits="1" branch="false" />
                <line number="1328" hits="1" branch="false" />
                <line number="1329" hits="1" branch="false" />
              </lines>
            </method>
            <method name="OrderBy" signature="(System.Linq.Expressions.Expression`1&lt;System.Func`2&lt;T,U&gt;&gt;)" line-rate="1" branch-rate="1" complexity="NaN">
              <lines>
                <line number="1335" hits="4" branch="false" />
                <line number="1336" hits="4" branch="false" />
                <line number="1337" hits="4" branch="false" />
              </lines>
            </method>
            <method name="OrderByDescending" signature="(System.Linq.Expressions.Expression`1&lt;System.Func`2&lt;T,U&gt;&gt;)" line-rate="1" branch-rate="1" complexity="NaN">
              <lines>
                <line number="1343" hits="1" branch="false" />
                <line number="1344" hits="1" branch="false" />
                <line number="1345" hits="1" branch="false" />
              </lines>
            </method>
            <method name="ThenBy" signature="(System.Linq.Expressions.Expression`1&lt;System.Func`2&lt;T,U&gt;&gt;)" line-rate="0" branch-rate="1" complexity="NaN">
              <lines>
                <line number="1351" hits="0" branch="false" />
                <line number="1352" hits="0" branch="false" />
                <line number="1353" hits="0" branch="false" />
              </lines>
            </method>
            <method name="ThenByDescending" signature="(System.Linq.Expressions.Expression`1&lt;System.Func`2&lt;T,U&gt;&gt;)" line-rate="0" branch-rate="1" complexity="NaN">
              <lines>
                <line number="1359" hits="0" branch="false" />
                <line number="1360" hits="0" branch="false" />
                <line number="1361" hits="0" branch="false" />
              </lines>
            </method>
            <method name="ToListAsync" signature="()" line-rate="1" branch-rate="1" complexity="1">
              <lines>
                <line number="1367" hits="518" branch="false" />
                <line number="1368" hits="1036" branch="false" />
                <line number="1369" hits="518" branch="false" />
              </lines>
            </method>
            <method name="ToArrayAsync" signature="()" line-rate="0" branch-rate="1" complexity="1">
              <lines>
                <line number="1375" hits="0" branch="false" />
                <line number="1376" hits="0" branch="false" />
                <line number="1377" hits="0" branch="false" />
              </lines>
            </method>
            <method name="CountAsync" signature="()" line-rate="1" branch-rate="1" complexity="1">
              <lines>
                <line number="1383" hits="9" branch="false" />
                <line number="1384" hits="18" branch="false" />
                <line number="1385" hits="9" branch="false" />
              </lines>
            </method>
            <method name="CountAsync" signature="(System.Linq.Expressions.Expression`1&lt;System.Func`2&lt;T,System.Boolean&gt;&gt;)" line-rate="0" branch-rate="1" complexity="NaN">
              <lines>
                <line number="1391" hits="0" branch="false" />
                <line number="1392" hits="0" branch="false" />
                <line number="1393" hits="0" branch="false" />
              </lines>
            </method>
            <method name="ElementAtAsync" signature="(System.Int32)" line-rate="1" branch-rate="1" complexity="NaN">
              <lines>
                <line number="1399" hits="1" branch="false" />
                <line number="1400" hits="2" branch="false" />
                <line number="1401" hits="1" branch="false" />
              </lines>
            </method>
            <method name="FirstAsync" signature="()" line-rate="1" branch-rate="1" complexity="1">
              <lines>
                <line number="1407" hits="2" branch="false" />
                <line number="1408" hits="4" branch="false" />
                <line number="1409" hits="2" branch="false" />
              </lines>
            </method>
            <method name="FirstOrDefaultAsync" signature="()" line-rate="1" branch-rate="1" complexity="1">
              <lines>
                <line number="1415" hits="2" branch="false" />
                <line number="1416" hits="4" branch="false" />
                <line number="1417" hits="2" branch="false" />
              </lines>
            </method>
            <method name="FirstAsync" signature="(System.Linq.Expressions.Expression`1&lt;System.Func`2&lt;T,System.Boolean&gt;&gt;)" line-rate="0" branch-rate="1" complexity="NaN">
              <lines>
                <line number="1423" hits="0" branch="false" />
                <line number="1424" hits="0" branch="false" />
                <line number="1425" hits="0" branch="false" />
              </lines>
            </method>
            <method name="FirstOrDefaultAsync" signature="(System.Linq.Expressions.Expression`1&lt;System.Func`2&lt;T,System.Boolean&gt;&gt;)" line-rate="0" branch-rate="1" complexity="NaN">
              <lines>
                <line number="1431" hits="0" branch="false" />
                <line number="1432" hits="0" branch="false" />
                <line number="1433" hits="0" branch="false" />
              </lines>
            </method>
            <method name="DeleteAsync" signature="(System.Linq.Expressions.Expression`1&lt;System.Func`2&lt;T,System.Boolean&gt;&gt;)" line-rate="0" branch-rate="1" complexity="NaN">
              <lines>
                <line number="1439" hits="0" branch="false" />
                <line number="1440" hits="0" branch="false" />
                <line number="1441" hits="0" branch="false" />
              </lines>
            </method>
            <method name="DeleteAsync" signature="()" line-rate="0" branch-rate="1" complexity="1">
              <lines>
                <line number="1447" hits="0" branch="false" />
                <line number="1448" hits="0" branch="false" />
                <line number="1449" hits="0" branch="false" />
              </lines>
            </method>
          </methods>
          <lines>
            <line number="1282" hits="1049" branch="false" />
            <line number="1283" hits="1049" branch="false" />
            <line number="1284" hits="1049" branch="false" />
            <line number="1285" hits="1049" branch="false" />
            <line number="1288" hits="532" branch="false" />
            <line number="1289" hits="1064" branch="false" />
            <line number="1290" hits="1064" branch="false" />
            <line number="1291" hits="1596" branch="false" />
            <line number="1292" hits="1064" branch="false" />
            <line number="1293" hits="532" branch="false" />
            <line number="1294" hits="1062" branch="false" />
            <line number="1295" hits="532" branch="false" />
            <line number="1298" hits="0" branch="false" />
            <line number="1299" hits="0" branch="false" />
            <line number="1300" hits="0" branch="false" />
            <line number="1301" hits="0" branch="false" />
            <line number="1302" hits="0" branch="false" />
            <line number="1303" hits="0" branch="false" />
            <line number="1304" hits="0" branch="false" />
            <line number="1305" hits="0" branch="false" />
            <line number="1311" hits="513" branch="false" />
            <line number="1312" hits="513" branch="false" />
            <line number="1313" hits="513" branch="false" />
            <line number="1319" hits="1" branch="false" />
            <line number="1320" hits="1" branch="false" />
            <line number="1321" hits="1" branch="false" />
            <line number="1327" hits="1" branch="false" />
            <line number="1328" hits="1" branch="false" />
            <line number="1329" hits="1" branch="false" />
            <line number="1335" hits="4" branch="false" />
            <line number="1336" hits="4" branch="false" />
            <line number="1337" hits="4" branch="false" />
            <line number="1343" hits="1" branch="false" />
            <line number="1344" hits="1" branch="false" />
            <line number="1345" hits="1" branch="false" />
            <line number="1351" hits="0" branch="false" />
            <line number="1352" hits="0" branch="false" />
            <line number="1353" hits="0" branch="false" />
            <line number="1359" hits="0" branch="false" />
            <line number="1360" hits="0" branch="false" />
            <line number="1361" hits="0" branch="false" />
            <line number="1367" hits="518" branch="false" />
            <line number="1368" hits="1036" branch="false" />
            <line number="1369" hits="518" branch="false" />
            <line number="1375" hits="0" branch="false" />
            <line number="1376" hits="0" branch="false" />
            <line number="1377" hits="0" branch="false" />
            <line number="1383" hits="9" branch="false" />
            <line number="1384" hits="18" branch="false" />
            <line number="1385" hits="9" branch="false" />
            <line number="1391" hits="0" branch="false" />
            <line number="1392" hits="0" branch="false" />
            <line number="1393" hits="0" branch="false" />
            <line number="1399" hits="1" branch="false" />
            <line number="1400" hits="2" branch="false" />
            <line number="1401" hits="1" branch="false" />
            <line number="1407" hits="2" branch="false" />
            <line number="1408" hits="4" branch="false" />
            <line number="1409" hits="2" branch="false" />
            <line number="1415" hits="2" branch="false" />
            <line number="1416" hits="4" branch="false" />
            <line number="1417" hits="2" branch="false" />
            <line number="1423" hits="0" branch="false" />
            <line number="1424" hits="0" branch="false" />
            <line number="1425" hits="0" branch="false" />
            <line number="1431" hits="0" branch="false" />
            <line number="1432" hits="0" branch="false" />
            <line number="1433" hits="0" branch="false" />
            <line number="1439" hits="0" branch="false" />
            <line number="1440" hits="0" branch="false" />
            <line number="1441" hits="0" branch="false" />
            <line number="1447" hits="0" branch="false" />
            <line number="1448" hits="0" branch="false" />
            <line number="1449" hits="0" branch="false" />
          </lines>
        </class>
        <class name="SQLite.CollationAttribute" filename="/Users/runner/work/KsWare.Data.SQLitePCL/KsWare.Data.SQLitePCL/src/SQLite.cs" line-rate="1" branch-rate="1" complexity="NaN">
          <methods>
            <method name=".ctor" signature="(System.String)" line-rate="1" branch-rate="1" complexity="NaN">
              <lines>
                <line number="2510" hits="1" branch="false" />
                <line number="2511" hits="1" branch="false" />
                <line number="2512" hits="1" branch="false" />
                <line number="2513" hits="1" branch="false" />
              </lines>
            </method>
          </methods>
          <lines>
            <line number="2510" hits="1" branch="false" />
            <line number="2511" hits="1" branch="false" />
            <line number="2512" hits="1" branch="false" />
            <line number="2513" hits="1" branch="false" />
          </lines>
        </class>
        <class name="SQLite.ColumnAttribute" filename="/Users/runner/work/KsWare.Data.SQLitePCL/KsWare.Data.SQLitePCL/src/SQLite.cs" line-rate="1" branch-rate="1" complexity="NaN">
          <methods>
            <method name=".ctor" signature="(System.String)" line-rate="1" branch-rate="1" complexity="NaN">
              <lines>
                <line number="2435" hits="1" branch="false" />
                <line number="2436" hits="1" branch="false" />
                <line number="2437" hits="1" branch="false" />
                <line number="2438" hits="1" branch="false" />
              </lines>
            </method>
          </methods>
          <lines>
            <line number="2435" hits="1" branch="false" />
            <line number="2436" hits="1" branch="false" />
            <line number="2437" hits="1" branch="false" />
            <line number="2438" hits="1" branch="false" />
          </lines>
        </class>
        <class name="SQLite.CreateTablesResult" filename="/Users/runner/work/KsWare.Data.SQLitePCL/KsWare.Data.SQLitePCL/src/SQLite.cs" line-rate="1" branch-rate="1" complexity="1">
          <methods>
            <method name=".ctor" signature="()" line-rate="1" branch-rate="1" complexity="1">
              <lines>
                <line number="3783" hits="5" branch="false" />
                <line number="3784" hits="5" branch="false" />
                <line number="3785" hits="5" branch="false" />
                <line number="3786" hits="5" branch="false" />
              </lines>
            </method>
          </methods>
          <lines>
            <line number="3783" hits="5" branch="false" />
            <line number="3784" hits="5" branch="false" />
            <line number="3785" hits="5" branch="false" />
            <line number="3786" hits="5" branch="false" />
          </lines>
        </class>
        <class name="SQLite.EnumCache" filename="/Users/runner/work/KsWare.Data.SQLitePCL/KsWare.Data.SQLitePCL/src/SQLite.cs" line-rate="1" branch-rate="1" complexity="2">
          <methods>
            <method name="GetInfo" signature="()" line-rate="1" branch-rate="1" complexity="1">
              <lines>
                <line number="2831" hits="6" branch="false" />
                <line number="2832" hits="6" branch="false" />
                <line number="2833" hits="6" branch="false" />
              </lines>
            </method>
            <method name="GetInfo" signature="(System.Type)" line-rate="1" branch-rate="1" complexity="NaN">
              <lines>
                <line number="2836" hits="25" branch="false" />
                <line number="2837" hits="50" branch="false" />
                <line number="2838" hits="25" branch="false" />
                <line number="2839" hits="39" branch="true" condition-coverage="100% (2/2)" />
                <line number="2840" hits="14" branch="false" />
                <line number="2841" hits="14" branch="false" />
                <line number="2842" hits="14" branch="false" />
                <line number="2844" hits="25" branch="false" />
                <line number="2846" hits="25" branch="false" />
              </lines>
            </method>
            <method name=".cctor" signature="()" line-rate="1" branch-rate="1" complexity="1">
              <lines>
                <line number="2828" hits="1" branch="false" />
              </lines>
            </method>
          </methods>
          <lines>
            <line number="2828" hits="1" branch="false" />
            <line number="2831" hits="6" branch="false" />
            <line number="2832" hits="6" branch="false" />
            <line number="2833" hits="6" branch="false" />
            <line number="2836" hits="25" branch="false" />
            <line number="2837" hits="50" branch="false" />
            <line number="2838" hits="25" branch="false" />
            <line number="2839" hits="39" branch="true" condition-coverage="100% (2/2)" />
            <line number="2840" hits="14" branch="false" />
            <line number="2841" hits="14" branch="false" />
            <line number="2842" hits="14" branch="false" />
            <line number="2844" hits="25" branch="false" />
            <line number="2846" hits="25" branch="false" />
          </lines>
        </class>
        <class name="SQLite.EnumCacheInfo" filename="/Users/runner/work/KsWare.Data.SQLitePCL/KsWare.Data.SQLitePCL/src/SQLite.cs" line-rate="1" branch-rate="1" complexity="NaN">
          <methods>
            <method name=".ctor" signature="(System.Type)" line-rate="1" branch-rate="1" complexity="NaN">
              <lines>
                <line number="2801" hits="14" branch="false" />
                <line number="2802" hits="14" branch="false" />
                <line number="2803" hits="14" branch="false" />
                <line number="2805" hits="14" branch="false" />
                <line number="2807" hits="27" branch="true" condition-coverage="100% (2/2)" />
                <line number="2808" hits="17" branch="false" />
                <line number="2810" hits="17" branch="true" condition-coverage="100% (2/2)" />
                <line number="2811" hits="4" branch="false" />
                <line number="2812" hits="48" branch="true" condition-coverage="100% (2/2)" />
                <line number="2813" hits="12" branch="false" />
                <line number="2814" hits="12" branch="false" />
                <line number="2815" hits="4" branch="false" />
                <line number="2816" hits="13" branch="false" />
                <line number="2817" hits="14" branch="false" />
              </lines>
            </method>
          </methods>
          <lines>
            <line number="2801" hits="14" branch="false" />
            <line number="2802" hits="14" branch="false" />
            <line number="2803" hits="14" branch="false" />
            <line number="2805" hits="14" branch="false" />
            <line number="2807" hits="27" branch="true" condition-coverage="100% (2/2)" />
            <line number="2808" hits="17" branch="false" />
            <line number="2810" hits="17" branch="true" condition-coverage="100% (2/2)" />
            <line number="2811" hits="4" branch="false" />
            <line number="2812" hits="48" branch="true" condition-coverage="100% (2/2)" />
            <line number="2813" hits="12" branch="false" />
            <line number="2814" hits="12" branch="false" />
            <line number="2815" hits="4" branch="false" />
            <line number="2816" hits="13" branch="false" />
            <line number="2817" hits="14" branch="false" />
          </lines>
        </class>
        <class name="SQLite.FastColumnSetter" filename="/Users/runner/work/KsWare.Data.SQLitePCL/KsWare.Data.SQLitePCL/src/SQLite.cs" line-rate="0.7869822485207101" branch-rate="0.7833333333333333" complexity="NaN">
          <methods>
            <method name="GetFastSetter" signature="(SQLite.SQLiteConnection,SQLite.TableMapping/Column)" line-rate="0.7464788732394366" branch-rate="0.75" complexity="NaN">
              <lines>
                <line number="3482" hits="4825" branch="false" />
                <line number="3483" hits="4825" branch="false" />
                <line number="3485" hits="4825" branch="false" />
                <line number="3487" hits="4825" branch="false" />
                <line number="3488" hits="4836" branch="true" condition-coverage="100% (2/2)" />
                <line number="3489" hits="11" branch="false" />
                <line number="3490" hits="11" branch="false" />
                <line number="3491" hits="11" branch="false" />
                <line number="3493" hits="8426" branch="true" condition-coverage="100% (2/2)" />
                <line number="3494" hits="14999" branch="false" />
                <line number="3495" hits="14999" branch="false" />
                <line number="3496" hits="14999" branch="false" />
                <line number="3497" hits="3601" branch="false" />
                <line number="3498" hits="2321" branch="true" condition-coverage="100% (2/2)" />
                <line number="3499" hits="12647" branch="false" />
                <line number="3500" hits="12647" branch="false" />
                <line number="3501" hits="12647" branch="false" />
                <line number="3502" hits="1097" branch="false" />
                <line number="3503" hits="131" branch="true" condition-coverage="100% (2/2)" />
                <line number="3504" hits="20" branch="false" />
                <line number="3505" hits="20" branch="false" />
                <line number="3506" hits="20" branch="false" />
                <line number="3507" hits="4" branch="false" />
                <line number="3508" hits="124" branch="true" condition-coverage="100% (2/2)" />
                <line number="3509" hits="2" branch="false" />
                <line number="3510" hits="2" branch="false" />
                <line number="3511" hits="2" branch="false" />
                <line number="3512" hits="1" branch="false" />
                <line number="3513" hits="123" branch="true" condition-coverage="100% (2/2)" />
                <line number="3514" hits="4" branch="false" />
                <line number="3515" hits="4" branch="false" />
                <line number="3516" hits="4" branch="false" />
                <line number="3517" hits="1" branch="false" />
                <line number="3518" hits="125" branch="true" condition-coverage="100% (2/2)" />
                <line number="3519" hits="6" branch="true" condition-coverage="100% (2/2)" />
                <line number="3520" hits="4" branch="false" />
                <line number="3521" hits="4" branch="false" />
                <line number="3522" hits="4" branch="false" />
                <line number="3523" hits="2" branch="false" />
                <line number="3524" hits="2" branch="false" />
                <line number="3525" hits="4" branch="false" />
                <line number="3526" hits="4" branch="false" />
                <line number="3527" hits="2" branch="false" />
                <line number="3528" hits="4" branch="true" condition-coverage="50% (1/2)" />
                <line number="3529" hits="2" branch="false" />
                <line number="3530" hits="2" branch="false" />
                <line number="3531" hits="4" branch="false" />
                <line number="3532" hits="4" branch="false" />
                <line number="3533" hits="2" branch="false" />
                <line number="3534" hits="4" branch="false" />
                <line number="3535" hits="132" branch="true" condition-coverage="100% (2/2)" />
                <line number="3536" hits="22" branch="true" condition-coverage="100% (2/2)" />
                <line number="3537" hits="15" branch="false" />
                <line number="3538" hits="15" branch="false" />
                <line number="3539" hits="15" branch="false" />
                <line number="3540" hits="7" branch="false" />
                <line number="3541" hits="8" branch="false" />
                <line number="3542" hits="17" branch="false" />
                <line number="3543" hits="17" branch="false" />
                <line number="3544" hits="8" branch="false" />
                <line number="3545" hits="17" branch="true" condition-coverage="50% (1/2)" />
                <line number="3546" hits="8" branch="false" />
                <line number="3547" hits="8" branch="false" />
                <line number="3548" hits="17" branch="false" />
                <line number="3549" hits="17" branch="false" />
                <line number="3550" hits="8" branch="false" />
                <line number="3551" hits="15" branch="false" />
                <line number="3552" hits="104" branch="true" condition-coverage="100% (2/2)" />
                <line number="3553" hits="4" branch="false" />
                <line number="3554" hits="4" branch="false" />
                <line number="3555" hits="4" branch="false" />
                <line number="3556" hits="2" branch="false" />
                <line number="3557" hits="111" branch="true" condition-coverage="100% (2/2)" />
                <line number="3559" hits="11" branch="false" />
                <line number="3560" hits="89" branch="true" condition-coverage="50% (1/2)" />
                <line number="3561" hits="0" branch="false" />
                <line number="3562" hits="0" branch="false" />
                <line number="3563" hits="0" branch="false" />
                <line number="3564" hits="0" branch="false" />
                <line number="3565" hits="128" branch="true" condition-coverage="100% (2/2)" />
                <line number="3566" hits="316" branch="false" />
                <line number="3567" hits="316" branch="false" />
                <line number="3568" hits="316" branch="false" />
                <line number="3569" hits="39" branch="false" />
                <line number="3570" hits="94" branch="true" condition-coverage="100% (2/2)" />
                <line number="3571" hits="326" branch="false" />
                <line number="3572" hits="326" branch="false" />
                <line number="3573" hits="326" branch="false" />
                <line number="3574" hits="44" branch="false" />
                <line number="3575" hits="7" branch="true" condition-coverage="100% (2/2)" />
                <line number="3576" hits="11" branch="false" />
                <line number="3577" hits="11" branch="false" />
                <line number="3578" hits="11" branch="false" />
                <line number="3579" hits="1" branch="false" />
                <line number="3580" hits="5" branch="true" condition-coverage="50% (1/2)" />
                <line number="3581" hits="0" branch="false" />
                <line number="3582" hits="0" branch="false" />
                <line number="3583" hits="0" branch="false" />
                <line number="3584" hits="0" branch="false" />
                <line number="3585" hits="5" branch="true" condition-coverage="50% (1/2)" />
                <line number="3586" hits="0" branch="false" />
                <line number="3587" hits="0" branch="false" />
                <line number="3588" hits="0" branch="false" />
                <line number="3589" hits="0" branch="false" />
                <line number="3590" hits="5" branch="true" condition-coverage="50% (1/2)" />
                <line number="3591" hits="0" branch="false" />
                <line number="3592" hits="0" branch="false" />
                <line number="3593" hits="0" branch="false" />
                <line number="3594" hits="0" branch="false" />
                <line number="3595" hits="9" branch="true" condition-coverage="100% (2/2)" />
                <line number="3596" hits="12" branch="false" />
                <line number="3597" hits="12" branch="false" />
                <line number="3598" hits="12" branch="false" />
                <line number="3599" hits="4" branch="false" />
                <line number="3600" hits="2" branch="true" condition-coverage="50% (1/2)" />
                <line number="3601" hits="3" branch="false" />
                <line number="3602" hits="3" branch="false" />
                <line number="3603" hits="3" branch="false" />
                <line number="3604" hits="3" branch="false" />
                <line number="3605" hits="1" branch="false" />
                <line number="3606" hits="0" branch="true" condition-coverage="0% (0/2)" />
                <line number="3607" hits="0" branch="false" />
                <line number="3608" hits="0" branch="false" />
                <line number="3609" hits="0" branch="false" />
                <line number="3610" hits="0" branch="false" />
                <line number="3611" hits="0" branch="false" />
                <line number="3612" hits="0" branch="true" condition-coverage="0% (0/2)" />
                <line number="3613" hits="0" branch="false" />
                <line number="3614" hits="0" branch="false" />
                <line number="3615" hits="0" branch="false" />
                <line number="3616" hits="0" branch="false" />
                <line number="3617" hits="0" branch="false" />
                <line number="3618" hits="0" branch="true" condition-coverage="0% (0/2)" />
                <line number="3619" hits="0" branch="false" />
                <line number="3620" hits="0" branch="false" />
                <line number="3621" hits="0" branch="false" />
                <line number="3622" hits="0" branch="false" />
                <line number="3623" hits="0" branch="false" />
                <line number="3624" hits="0" branch="false" />
                <line number="3626" hits="0" branch="false" />
                <line number="3627" hits="4825" branch="false" />
                <line number="3628" hits="4825" branch="false" />
              </lines>
            </method>
            <method name="CreateNullableTypedSetterDelegate" signature="(SQLite.TableMapping/Column,System.Func`3&lt;System.IntPtr,System.Int32,ColumnMemberType&gt;)" line-rate="1" branch-rate="1" complexity="NaN">
              <lines>
                <line number="3641" hits="1209" branch="false" />
                <line number="3642" hits="1209" branch="false" />
                <line number="3643" hits="1209" branch="false" />
                <line number="3645" hits="1217" branch="true" condition-coverage="100% (2/2)" />
                <line number="3646" hits="8" branch="false" />
                <line number="3647" hits="8" branch="false" />
                <line number="3649" hits="1217" branch="true" condition-coverage="100% (2/2)" />
                <line number="3650" hits="8" branch="false" />
                <line number="3651" hits="8" branch="false" />
                <line number="3652" hits="8" branch="false" />
                <line number="3654" hits="26" branch="false" />
                <line number="3655" hits="26" branch="false" />
                <line number="3656" hits="26" branch="true" condition-coverage="100% (2/2)" />
                <line number="3657" hits="23" branch="false" />
                <line number="3658" hits="26" branch="false" />
                <line number="3661" hits="1201" branch="false" />
                <line number="3662" hits="1209" branch="false" />
              </lines>
            </method>
            <method name="CreateTypedSetterDelegate" signature="(SQLite.TableMapping/Column,System.Func`3&lt;System.IntPtr,System.Int32,ColumnMemberType&gt;)" line-rate="1" branch-rate="1" complexity="NaN">
              <lines>
                <line number="3673" hits="4806" branch="false" />
                <line number="3674" hits="4806" branch="false" />
                <line number="3675" hits="4806" branch="false" />
                <line number="3676" hits="4806" branch="false" />
                <line number="3678" hits="30702" branch="false" />
                <line number="3679" hits="30702" branch="false" />
                <line number="3680" hits="30702" branch="true" condition-coverage="100% (2/2)" />
                <line number="3681" hits="28361" branch="false" />
                <line number="3682" hits="30702" branch="false" />
                <line number="3683" hits="4806" branch="false" />
              </lines>
            </method>
          </methods>
          <lines>
            <line number="3482" hits="4825" branch="false" />
            <line number="3483" hits="4825" branch="false" />
            <line number="3485" hits="4825" branch="false" />
            <line number="3487" hits="4825" branch="false" />
            <line number="3488" hits="4836" branch="true" condition-coverage="100% (2/2)" />
            <line number="3489" hits="11" branch="false" />
            <line number="3490" hits="11" branch="false" />
            <line number="3491" hits="11" branch="false" />
            <line number="3493" hits="8426" branch="true" condition-coverage="100% (2/2)" />
            <line number="3494" hits="14999" branch="false" />
            <line number="3495" hits="14999" branch="false" />
            <line number="3496" hits="14999" branch="false" />
            <line number="3497" hits="3601" branch="false" />
            <line number="3498" hits="2321" branch="true" condition-coverage="100% (2/2)" />
            <line number="3499" hits="12647" branch="false" />
            <line number="3500" hits="12647" branch="false" />
            <line number="3501" hits="12647" branch="false" />
            <line number="3502" hits="1097" branch="false" />
            <line number="3503" hits="131" branch="true" condition-coverage="100% (2/2)" />
            <line number="3504" hits="20" branch="false" />
            <line number="3505" hits="20" branch="false" />
            <line number="3506" hits="20" branch="false" />
            <line number="3507" hits="4" branch="false" />
            <line number="3508" hits="124" branch="true" condition-coverage="100% (2/2)" />
            <line number="3509" hits="2" branch="false" />
            <line number="3510" hits="2" branch="false" />
            <line number="3511" hits="2" branch="false" />
            <line number="3512" hits="1" branch="false" />
            <line number="3513" hits="123" branch="true" condition-coverage="100% (2/2)" />
            <line number="3514" hits="4" branch="false" />
            <line number="3515" hits="4" branch="false" />
            <line number="3516" hits="4" branch="false" />
            <line number="3517" hits="1" branch="false" />
            <line number="3518" hits="125" branch="true" condition-coverage="100% (2/2)" />
            <line number="3519" hits="6" branch="true" condition-coverage="100% (2/2)" />
            <line number="3520" hits="4" branch="false" />
            <line number="3521" hits="4" branch="false" />
            <line number="3522" hits="4" branch="false" />
            <line number="3523" hits="2" branch="false" />
            <line number="3524" hits="2" branch="false" />
            <line number="3525" hits="4" branch="false" />
            <line number="3526" hits="4" branch="false" />
            <line number="3527" hits="2" branch="false" />
            <line number="3528" hits="4" branch="true" condition-coverage="50% (1/2)" />
            <line number="3529" hits="2" branch="false" />
            <line number="3530" hits="2" branch="false" />
            <line number="3531" hits="4" branch="false" />
            <line number="3532" hits="4" branch="false" />
            <line number="3533" hits="2" branch="false" />
            <line number="3534" hits="4" branch="false" />
            <line number="3535" hits="132" branch="true" condition-coverage="100% (2/2)" />
            <line number="3536" hits="22" branch="true" condition-coverage="100% (2/2)" />
            <line number="3537" hits="15" branch="false" />
            <line number="3538" hits="15" branch="false" />
            <line number="3539" hits="15" branch="false" />
            <line number="3540" hits="7" branch="false" />
            <line number="3541" hits="8" branch="false" />
            <line number="3542" hits="17" branch="false" />
            <line number="3543" hits="17" branch="false" />
            <line number="3544" hits="8" branch="false" />
            <line number="3545" hits="17" branch="true" condition-coverage="50% (1/2)" />
            <line number="3546" hits="8" branch="false" />
            <line number="3547" hits="8" branch="false" />
            <line number="3548" hits="17" branch="false" />
            <line number="3549" hits="17" branch="false" />
            <line number="3550" hits="8" branch="false" />
            <line number="3551" hits="15" branch="false" />
            <line number="3552" hits="104" branch="true" condition-coverage="100% (2/2)" />
            <line number="3553" hits="4" branch="false" />
            <line number="3554" hits="4" branch="false" />
            <line number="3555" hits="4" branch="false" />
            <line number="3556" hits="2" branch="false" />
            <line number="3557" hits="111" branch="true" condition-coverage="100% (2/2)" />
            <line number="3559" hits="11" branch="false" />
            <line number="3560" hits="89" branch="true" condition-coverage="50% (1/2)" />
            <line number="3561" hits="0" branch="false" />
            <line number="3562" hits="0" branch="false" />
            <line number="3563" hits="0" branch="false" />
            <line number="3564" hits="0" branch="false" />
            <line number="3565" hits="128" branch="true" condition-coverage="100% (2/2)" />
            <line number="3566" hits="316" branch="false" />
            <line number="3567" hits="316" branch="false" />
            <line number="3568" hits="316" branch="false" />
            <line number="3569" hits="39" branch="false" />
            <line number="3570" hits="94" branch="true" condition-coverage="100% (2/2)" />
            <line number="3571" hits="326" branch="false" />
            <line number="3572" hits="326" branch="false" />
            <line number="3573" hits="326" branch="false" />
            <line number="3574" hits="44" branch="false" />
            <line number="3575" hits="7" branch="true" condition-coverage="100% (2/2)" />
            <line number="3576" hits="11" branch="false" />
            <line number="3577" hits="11" branch="false" />
            <line number="3578" hits="11" branch="false" />
            <line number="3579" hits="1" branch="false" />
            <line number="3580" hits="5" branch="true" condition-coverage="50% (1/2)" />
            <line number="3581" hits="0" branch="false" />
            <line number="3582" hits="0" branch="false" />
            <line number="3583" hits="0" branch="false" />
            <line number="3584" hits="0" branch="false" />
            <line number="3585" hits="5" branch="true" condition-coverage="50% (1/2)" />
            <line number="3586" hits="0" branch="false" />
            <line number="3587" hits="0" branch="false" />
            <line number="3588" hits="0" branch="false" />
            <line number="3589" hits="0" branch="false" />
            <line number="3590" hits="5" branch="true" condition-coverage="50% (1/2)" />
            <line number="3591" hits="0" branch="false" />
            <line number="3592" hits="0" branch="false" />
            <line number="3593" hits="0" branch="false" />
            <line number="3594" hits="0" branch="false" />
            <line number="3595" hits="9" branch="true" condition-coverage="100% (2/2)" />
            <line number="3596" hits="12" branch="false" />
            <line number="3597" hits="12" branch="false" />
            <line number="3598" hits="12" branch="false" />
            <line number="3599" hits="4" branch="false" />
            <line number="3600" hits="2" branch="true" condition-coverage="50% (1/2)" />
            <line number="3601" hits="3" branch="false" />
            <line number="3602" hits="3" branch="false" />
            <line number="3603" hits="3" branch="false" />
            <line number="3604" hits="3" branch="false" />
            <line number="3605" hits="1" branch="false" />
            <line number="3606" hits="0" branch="true" condition-coverage="0% (0/2)" />
            <line number="3607" hits="0" branch="false" />
            <line number="3608" hits="0" branch="false" />
            <line number="3609" hits="0" branch="false" />
            <line number="3610" hits="0" branch="false" />
            <line number="3611" hits="0" branch="false" />
            <line number="3612" hits="0" branch="true" condition-coverage="0% (0/2)" />
            <line number="3613" hits="0" branch="false" />
            <line number="3614" hits="0" branch="false" />
            <line number="3615" hits="0" branch="false" />
            <line number="3616" hits="0" branch="false" />
            <line number="3617" hits="0" branch="false" />
            <line number="3618" hits="0" branch="true" condition-coverage="0% (0/2)" />
            <line number="3619" hits="0" branch="false" />
            <line number="3620" hits="0" branch="false" />
            <line number="3621" hits="0" branch="false" />
            <line number="3622" hits="0" branch="false" />
            <line number="3623" hits="0" branch="false" />
            <line number="3624" hits="0" branch="false" />
            <line number="3626" hits="0" branch="false" />
            <line number="3627" hits="4825" branch="false" />
            <line number="3628" hits="4825" branch="false" />
            <line number="3641" hits="1209" branch="false" />
            <line number="3642" hits="1209" branch="false" />
            <line number="3643" hits="1209" branch="false" />
            <line number="3645" hits="1217" branch="true" condition-coverage="100% (2/2)" />
            <line number="3646" hits="8" branch="false" />
            <line number="3647" hits="8" branch="false" />
            <line number="3649" hits="1217" branch="true" condition-coverage="100% (2/2)" />
            <line number="3650" hits="8" branch="false" />
            <line number="3651" hits="8" branch="false" />
            <line number="3652" hits="8" branch="false" />
            <line number="3654" hits="26" branch="false" />
            <line number="3655" hits="26" branch="false" />
            <line number="3656" hits="26" branch="true" condition-coverage="100% (2/2)" />
            <line number="3657" hits="23" branch="false" />
            <line number="3658" hits="26" branch="false" />
            <line number="3661" hits="1201" branch="false" />
            <line number="3662" hits="1209" branch="false" />
            <line number="3673" hits="4806" branch="false" />
            <line number="3674" hits="4806" branch="false" />
            <line number="3675" hits="4806" branch="false" />
            <line number="3676" hits="4806" branch="false" />
            <line number="3678" hits="30702" branch="false" />
            <line number="3679" hits="30702" branch="false" />
            <line number="3680" hits="30702" branch="true" condition-coverage="100% (2/2)" />
            <line number="3681" hits="28361" branch="false" />
            <line number="3682" hits="30702" branch="false" />
            <line number="3683" hits="4806" branch="false" />
          </lines>
        </class>
        <class name="SQLite.IndexedAttribute" filename="/Users/runner/work/KsWare.Data.SQLitePCL/KsWare.Data.SQLitePCL/src/SQLite.cs" line-rate="1" branch-rate="1" complexity="1">
          <methods>
            <method name=".ctor" signature="()" line-rate="1" branch-rate="1" complexity="1">
              <lines>
                <line number="2458" hits="202" branch="false" />
                <line number="2459" hits="202" branch="false" />
                <line number="2460" hits="202" branch="false" />
              </lines>
            </method>
            <method name=".ctor" signature="(System.String,System.Int32)" line-rate="1" branch-rate="1" complexity="NaN">
              <lines>
                <line number="2462" hits="42" branch="false" />
                <line number="2463" hits="42" branch="false" />
                <line number="2464" hits="42" branch="false" />
                <line number="2465" hits="42" branch="false" />
                <line number="2466" hits="42" branch="false" />
              </lines>
            </method>
          </methods>
          <lines>
            <line number="2458" hits="202" branch="false" />
            <line number="2459" hits="202" branch="false" />
            <line number="2460" hits="202" branch="false" />
            <line number="2462" hits="42" branch="false" />
            <line number="2463" hits="42" branch="false" />
            <line number="2464" hits="42" branch="false" />
            <line number="2465" hits="42" branch="false" />
            <line number="2466" hits="42" branch="false" />
          </lines>
        </class>
        <class name="SQLite.MaxLengthAttribute" filename="/Users/runner/work/KsWare.Data.SQLitePCL/KsWare.Data.SQLitePCL/src/SQLite.cs" line-rate="1" branch-rate="1" complexity="NaN">
          <methods>
            <method name=".ctor" signature="(System.Int32)" line-rate="1" branch-rate="1" complexity="NaN">
              <lines>
                <line number="2488" hits="5" branch="false" />
                <line number="2489" hits="5" branch="false" />
                <line number="2490" hits="5" branch="false" />
                <line number="2491" hits="5" branch="false" />
              </lines>
            </method>
          </methods>
          <lines>
            <line number="2488" hits="5" branch="false" />
            <line number="2489" hits="5" branch="false" />
            <line number="2490" hits="5" branch="false" />
            <line number="2491" hits="5" branch="false" />
          </lines>
        </class>
        <class name="SQLite.NotifyTableChangedEventArgs" filename="/Users/runner/work/KsWare.Data.SQLitePCL/KsWare.Data.SQLitePCL/src/SQLite.cs" line-rate="1" branch-rate="1" complexity="NaN">
          <methods>
            <method name=".ctor" signature="(SQLite.TableMapping,SQLite.NotifyTableChangedAction)" line-rate="1" branch-rate="1" complexity="NaN">
              <lines>
                <line number="2248" hits="26" branch="false" />
                <line number="2249" hits="26" branch="false" />
                <line number="2250" hits="26" branch="false" />
                <line number="2251" hits="26" branch="false" />
                <line number="2252" hits="26" branch="false" />
              </lines>
            </method>
          </methods>
          <lines>
            <line number="2248" hits="26" branch="false" />
            <line number="2249" hits="26" branch="false" />
            <line number="2250" hits="26" branch="false" />
            <line number="2251" hits="26" branch="false" />
            <line number="2252" hits="26" branch="false" />
          </lines>
        </class>
        <class name="SQLite.NotNullConstraintViolationException" filename="/Users/runner/work/KsWare.Data.SQLitePCL/KsWare.Data.SQLitePCL/src/SQLite.cs" line-rate="1" branch-rate="1" complexity="NaN">
          <methods>
            <method name=".ctor" signature="(SQLite.SQLite3/Result,System.String)" line-rate="1" branch-rate="1" complexity="NaN">
              <lines>
                <line number="82" hits="7" branch="false" />
                <line number="83" hits="7" branch="false" />
                <line number="85" hits="7" branch="false" />
              </lines>
            </method>
            <method name=".ctor" signature="(SQLite.SQLite3/Result,System.String,SQLite.TableMapping,System.Object)" line-rate="1" branch-rate="1" complexity="NaN">
              <lines>
                <line number="88" hits="12" branch="false" />
                <line number="89" hits="12" branch="false" />
                <line number="90" hits="17" branch="true" condition-coverage="100% (2/2)" />
                <line number="91" hits="5" branch="false" />
                <line number="92" hits="17" branch="true" condition-coverage="100% (2/2)" />
                <line number="93" hits="5" branch="false" />
                <line number="94" hits="5" branch="false" />
                <line number="95" hits="12" branch="false" />
              </lines>
            </method>
            <method name="New" signature="(SQLite.SQLite3/Result,System.String)" line-rate="1" branch-rate="1" complexity="NaN">
              <lines>
                <line number="98" hits="7" branch="false" />
                <line number="99" hits="7" branch="false" />
                <line number="100" hits="7" branch="false" />
              </lines>
            </method>
            <method name="New" signature="(SQLite.SQLite3/Result,System.String,SQLite.TableMapping,System.Object)" line-rate="1" branch-rate="1" complexity="NaN">
              <lines>
                <line number="103" hits="3" branch="false" />
                <line number="104" hits="3" branch="false" />
                <line number="105" hits="3" branch="false" />
              </lines>
            </method>
            <method name="New" signature="(SQLite.SQLiteException,SQLite.TableMapping,System.Object)" line-rate="1" branch-rate="1" complexity="NaN">
              <lines>
                <line number="108" hits="2" branch="false" />
                <line number="109" hits="2" branch="false" />
                <line number="110" hits="2" branch="false" />
              </lines>
            </method>
          </methods>
          <lines>
            <line number="82" hits="7" branch="false" />
            <line number="83" hits="7" branch="false" />
            <line number="85" hits="7" branch="false" />
            <line number="88" hits="12" branch="false" />
            <line number="89" hits="12" branch="false" />
            <line number="90" hits="17" branch="true" condition-coverage="100% (2/2)" />
            <line number="91" hits="5" branch="false" />
            <line number="92" hits="17" branch="true" condition-coverage="100% (2/2)" />
            <line number="93" hits="5" branch="false" />
            <line number="94" hits="5" branch="false" />
            <line number="95" hits="12" branch="false" />
            <line number="98" hits="7" branch="false" />
            <line number="99" hits="7" branch="false" />
            <line number="100" hits="7" branch="false" />
            <line number="103" hits="3" branch="false" />
            <line number="104" hits="3" branch="false" />
            <line number="105" hits="3" branch="false" />
            <line number="108" hits="2" branch="false" />
            <line number="109" hits="2" branch="false" />
            <line number="110" hits="2" branch="false" />
          </lines>
        </class>
        <class name="SQLite.Orm" filename="/Users/runner/work/KsWare.Data.SQLitePCL/KsWare.Data.SQLitePCL/src/SQLite.cs" line-rate="0.8849557522123894" branch-rate="0.8709677419354839" complexity="NaN">
          <methods>
            <method name="GetType" signature="(System.Object)" line-rate="0.75" branch-rate="0.5" complexity="NaN">
              <lines>
                <line number="2856" hits="13087" branch="false" />
                <line number="2857" hits="13087" branch="true" condition-coverage="50% (1/2)" />
                <line number="2858" hits="0" branch="false" />
                <line number="2859" hits="13087" branch="false" />
                <line number="2860" hits="13087" branch="true" condition-coverage="50% (1/2)" />
                <line number="2861" hits="0" branch="false" />
                <line number="2862" hits="13087" branch="false" />
                <line number="2863" hits="13087" branch="false" />
              </lines>
            </method>
            <method name="SqlDecl" signature="(SQLite.TableMapping/Column,System.Boolean,System.Boolean)" line-rate="1" branch-rate="1" complexity="NaN">
              <lines>
                <line number="2866" hits="1026" branch="false" />
                <line number="2867" hits="1026" branch="false" />
                <line number="2869" hits="1318" branch="true" condition-coverage="100% (2/2)" />
                <line number="2870" hits="292" branch="false" />
                <line number="2871" hits="292" branch="false" />
                <line number="2872" hits="1275" branch="true" condition-coverage="100% (2/2)" />
                <line number="2873" hits="249" branch="false" />
                <line number="2874" hits="249" branch="false" />
                <line number="2875" hits="1342" branch="true" condition-coverage="100% (2/2)" />
                <line number="2876" hits="316" branch="false" />
                <line number="2877" hits="316" branch="false" />
                <line number="2878" hits="1029" branch="true" condition-coverage="100% (2/2)" />
                <line number="2879" hits="3" branch="false" />
                <line number="2880" hits="3" branch="false" />
                <line number="2882" hits="1026" branch="false" />
                <line number="2883" hits="1026" branch="false" />
              </lines>
            </method>
            <method name="SqlType" signature="(SQLite.TableMapping/Column,System.Boolean,System.Boolean)" line-rate="0.9285714285714286" branch-rate="0.9615384615384616" complexity="NaN">
              <lines>
                <line number="2886" hits="1026" branch="false" />
                <line number="2887" hits="1026" branch="false" />
                <line number="2888" hits="1473" branch="true" condition-coverage="100% (2/2)" />
                <line number="2889" hits="447" branch="false" />
                <line number="2891" hits="629" branch="true" condition-coverage="100% (2/2)" />
                <line number="2892" hits="50" branch="false" />
                <line number="2894" hits="966" branch="true" condition-coverage="100% (2/2)" />
                <line number="2895" hits="437" branch="false" />
                <line number="2897" hits="437" branch="true" condition-coverage="100% (2/2)" />
                <line number="2898" hits="275" branch="false" />
                <line number="2900" hits="162" branch="false" />
                <line number="2902" hits="96" branch="true" condition-coverage="100% (2/2)" />
                <line number="2903" hits="4" branch="true" condition-coverage="100% (2/2)" />
                <line number="2905" hits="136" branch="true" condition-coverage="100% (2/2)" />
                <line number="2906" hits="48" branch="true" condition-coverage="100% (2/2)" />
                <line number="2908" hits="42" branch="true" condition-coverage="100% (2/2)" />
                <line number="2909" hits="2" branch="false" />
                <line number="2911" hits="69" branch="true" condition-coverage="100% (2/2)" />
                <line number="2912" hits="31" branch="true" condition-coverage="100% (2/2)" />
                <line number="2913" hits="3" branch="false" />
                <line number="2915" hits="28" branch="false" />
                <line number="2917" hits="11" branch="true" condition-coverage="100% (2/2)" />
                <line number="2918" hits="4" branch="false" />
                <line number="2920" hits="6" branch="true" condition-coverage="50% (1/2)" />
                <line number="2921" hits="3" branch="false" />
                <line number="2923" hits="0" branch="false" />
                <line number="2924" hits="0" branch="false" />
                <line number="2926" hits="1026" branch="false" />
              </lines>
            </method>
            <method name="IsPK" signature="(System.Reflection.MemberInfo)" line-rate="1" branch-rate="1" complexity="NaN">
              <lines>
                <line number="2929" hits="187" branch="false" />
                <line number="2930" hits="300" branch="true" condition-coverage="100% (2/2)" />
                <line number="2931" hits="187" branch="false" />
              </lines>
            </method>
            <method name="Collation" signature="(System.Reflection.MemberInfo)" line-rate="1" branch-rate="0.6666666666666666" complexity="NaN">
              <lines>
                <line number="2934" hits="187" branch="false" />
                <line number="2938" hits="187" branch="true" condition-coverage="100% (2/2)" />
                <line number="2939" hits="187" branch="false" />
                <line number="2940" hits="322" branch="false" />
                <line number="2941" hits="190" branch="false" />
                <line number="2942" hits="190" branch="false" />
                <line number="2943" hits="190" branch="true" condition-coverage="50% (2/4)" />
                <line number="2944" hits="190" branch="false" />
                <line number="2945" hits="187" branch="false" />
                <line number="2947" hits="187" branch="false" />
              </lines>
            </method>
            <method name="IsAutoInc" signature="(System.Reflection.MemberInfo)" line-rate="1" branch-rate="1" complexity="NaN">
              <lines>
                <line number="2950" hits="187" branch="false" />
                <line number="2951" hits="303" branch="true" condition-coverage="100% (2/2)" />
                <line number="2952" hits="187" branch="false" />
              </lines>
            </method>
            <method name="GetField" signature="(System.Reflection.TypeInfo,System.String)" line-rate="0" branch-rate="0" complexity="NaN">
              <lines>
                <line number="2955" hits="0" branch="false" />
                <line number="2956" hits="0" branch="false" />
                <line number="2957" hits="0" branch="true" condition-coverage="0% (0/2)" />
                <line number="2958" hits="0" branch="false" />
                <line number="2959" hits="0" branch="false" />
                <line number="2960" hits="0" branch="false" />
              </lines>
            </method>
            <method name="GetProperty" signature="(System.Reflection.TypeInfo,System.String)" line-rate="1" branch-rate="1" complexity="NaN">
              <lines>
                <line number="2963" hits="25" branch="false" />
                <line number="2964" hits="25" branch="false" />
                <line number="2965" hits="25" branch="true" condition-coverage="100% (2/2)" />
                <line number="2966" hits="19" branch="false" />
                <line number="2967" hits="6" branch="false" />
                <line number="2968" hits="25" branch="false" />
              </lines>
            </method>
            <method name="InflateAttribute" signature="(System.Reflection.CustomAttributeData)" line-rate="0.8666666666666667" branch-rate="0.75" complexity="NaN">
              <lines>
                <line number="2971" hits="253" branch="false" />
                <line number="2972" hits="253" branch="false" />
                <line number="2973" hits="253" branch="false" />
                <line number="2977" hits="350" branch="false" />
                <line number="2978" hits="253" branch="false" />
                <line number="2979" hits="816" branch="true" condition-coverage="100% (2/2)" />
                <line number="2980" hits="19" branch="true" condition-coverage="50% (1/2)" />
                <line number="2981" hits="0" branch="false" />
                <line number="2982" hits="0" branch="false" />
                <line number="2983" hits="19" branch="false" />
                <line number="2984" hits="19" branch="false" />
                <line number="2985" hits="19" branch="false" />
                <line number="2986" hits="19" branch="false" />
                <line number="2988" hits="253" branch="false" />
                <line number="2989" hits="253" branch="false" />
              </lines>
            </method>
            <method name="GetIndices" signature="(System.Reflection.MemberInfo)" line-rate="1" branch-rate="1" complexity="NaN">
              <lines>
                <line number="2992" hits="187" branch="false" />
                <line number="2996" hits="187" branch="false" />
                <line number="2997" hits="187" branch="true" condition-coverage="100% (2/2)" />
                <line number="2998" hits="187" branch="false" />
                <line number="2999" hits="1421" branch="false" />
                <line number="3000" hits="427" branch="false" />
                <line number="3002" hits="187" branch="false" />
              </lines>
            </method>
            <method name="MaxStringLength" signature="(System.Reflection.MemberInfo)" line-rate="1" branch-rate="1" complexity="NaN">
              <lines>
                <line number="3005" hits="187" branch="false" />
                <line number="3009" hits="319" branch="false" />
                <line number="3010" hits="192" branch="true" condition-coverage="100% (2/2)" />
                <line number="3011" hits="5" branch="false" />
                <line number="3012" hits="5" branch="false" />
                <line number="3014" hits="182" branch="false" />
                <line number="3016" hits="187" branch="false" />
              </lines>
            </method>
            <method name="MaxStringLength" signature="(System.Reflection.PropertyInfo)" line-rate="0" branch-rate="1" complexity="NaN">
              <lines>
                <line number="3018" hits="0" branch="false" />
              </lines>
            </method>
            <method name="IsMarkedNotNull" signature="(System.Reflection.MemberInfo)" line-rate="1" branch-rate="1" complexity="NaN">
              <lines>
                <line number="3021" hits="131" branch="false" />
                <line number="3022" hits="171" branch="true" condition-coverage="100% (2/2)" />
                <line number="3023" hits="131" branch="false" />
              </lines>
            </method>
          </methods>
          <lines>
            <line number="2856" hits="13087" branch="false" />
            <line number="2857" hits="13087" branch="true" condition-coverage="50% (1/2)" />
            <line number="2858" hits="0" branch="false" />
            <line number="2859" hits="13087" branch="false" />
            <line number="2860" hits="13087" branch="true" condition-coverage="50% (1/2)" />
            <line number="2861" hits="0" branch="false" />
            <line number="2862" hits="13087" branch="false" />
            <line number="2863" hits="13087" branch="false" />
            <line number="2866" hits="1026" branch="false" />
            <line number="2867" hits="1026" branch="false" />
            <line number="2869" hits="1318" branch="true" condition-coverage="100% (2/2)" />
            <line number="2870" hits="292" branch="false" />
            <line number="2871" hits="292" branch="false" />
            <line number="2872" hits="1275" branch="true" condition-coverage="100% (2/2)" />
            <line number="2873" hits="249" branch="false" />
            <line number="2874" hits="249" branch="false" />
            <line number="2875" hits="1342" branch="true" condition-coverage="100% (2/2)" />
            <line number="2876" hits="316" branch="false" />
            <line number="2877" hits="316" branch="false" />
            <line number="2878" hits="1029" branch="true" condition-coverage="100% (2/2)" />
            <line number="2879" hits="3" branch="false" />
            <line number="2880" hits="3" branch="false" />
            <line number="2882" hits="1026" branch="false" />
            <line number="2883" hits="1026" branch="false" />
            <line number="2886" hits="1026" branch="false" />
            <line number="2887" hits="1026" branch="false" />
            <line number="2888" hits="1473" branch="true" condition-coverage="100% (2/2)" />
            <line number="2889" hits="447" branch="false" />
            <line number="2891" hits="629" branch="true" condition-coverage="100% (2/2)" />
            <line number="2892" hits="50" branch="false" />
            <line number="2894" hits="966" branch="true" condition-coverage="100% (2/2)" />
            <line number="2895" hits="437" branch="false" />
            <line number="2897" hits="437" branch="true" condition-coverage="100% (2/2)" />
            <line number="2898" hits="275" branch="false" />
            <line number="2900" hits="162" branch="false" />
            <line number="2902" hits="96" branch="true" condition-coverage="100% (2/2)" />
            <line number="2903" hits="4" branch="true" condition-coverage="100% (2/2)" />
            <line number="2905" hits="136" branch="true" condition-coverage="100% (2/2)" />
            <line number="2906" hits="48" branch="true" condition-coverage="100% (2/2)" />
            <line number="2908" hits="42" branch="true" condition-coverage="100% (2/2)" />
            <line number="2909" hits="2" branch="false" />
            <line number="2911" hits="69" branch="true" condition-coverage="100% (2/2)" />
            <line number="2912" hits="31" branch="true" condition-coverage="100% (2/2)" />
            <line number="2913" hits="3" branch="false" />
            <line number="2915" hits="28" branch="false" />
            <line number="2917" hits="11" branch="true" condition-coverage="100% (2/2)" />
            <line number="2918" hits="4" branch="false" />
            <line number="2920" hits="6" branch="true" condition-coverage="50% (1/2)" />
            <line number="2921" hits="3" branch="false" />
            <line number="2923" hits="0" branch="false" />
            <line number="2924" hits="0" branch="false" />
            <line number="2926" hits="1026" branch="false" />
            <line number="2929" hits="187" branch="false" />
            <line number="2930" hits="300" branch="true" condition-coverage="100% (2/2)" />
            <line number="2931" hits="187" branch="false" />
            <line number="2934" hits="187" branch="false" />
            <line number="2938" hits="187" branch="true" condition-coverage="100% (2/2)" />
            <line number="2939" hits="187" branch="false" />
            <line number="2940" hits="322" branch="false" />
            <line number="2941" hits="190" branch="false" />
            <line number="2942" hits="190" branch="false" />
            <line number="2943" hits="190" branch="true" condition-coverage="50% (2/4)" />
            <line number="2944" hits="190" branch="false" />
            <line number="2945" hits="187" branch="false" />
            <line number="2947" hits="187" branch="false" />
            <line number="2950" hits="187" branch="false" />
            <line number="2951" hits="303" branch="true" condition-coverage="100% (2/2)" />
            <line number="2952" hits="187" branch="false" />
            <line number="2955" hits="0" branch="false" />
            <line number="2956" hits="0" branch="false" />
            <line number="2957" hits="0" branch="true" condition-coverage="0% (0/2)" />
            <line number="2958" hits="0" branch="false" />
            <line number="2959" hits="0" branch="false" />
            <line number="2960" hits="0" branch="false" />
            <line number="2963" hits="25" branch="false" />
            <line number="2964" hits="25" branch="false" />
            <line number="2965" hits="25" branch="true" condition-coverage="100% (2/2)" />
            <line number="2966" hits="19" branch="false" />
            <line number="2967" hits="6" branch="false" />
            <line number="2968" hits="25" branch="false" />
            <line number="2971" hits="253" branch="false" />
            <line number="2972" hits="253" branch="false" />
            <line number="2973" hits="253" branch="false" />
            <line number="2977" hits="350" branch="false" />
            <line number="2978" hits="253" branch="false" />
            <line number="2979" hits="816" branch="true" condition-coverage="100% (2/2)" />
            <line number="2980" hits="19" branch="true" condition-coverage="50% (1/2)" />
            <line number="2981" hits="0" branch="false" />
            <line number="2982" hits="0" branch="false" />
            <line number="2983" hits="19" branch="false" />
            <line number="2984" hits="19" branch="false" />
            <line number="2985" hits="19" branch="false" />
            <line number="2986" hits="19" branch="false" />
            <line number="2988" hits="253" branch="false" />
            <line number="2989" hits="253" branch="false" />
            <line number="2992" hits="187" branch="false" />
            <line number="2996" hits="187" branch="false" />
            <line number="2997" hits="187" branch="true" condition-coverage="100% (2/2)" />
            <line number="2998" hits="187" branch="false" />
            <line number="2999" hits="1421" branch="false" />
            <line number="3000" hits="427" branch="false" />
            <line number="3002" hits="187" branch="false" />
            <line number="3005" hits="187" branch="false" />
            <line number="3009" hits="319" branch="false" />
            <line number="3010" hits="192" branch="true" condition-coverage="100% (2/2)" />
            <line number="3011" hits="5" branch="false" />
            <line number="3012" hits="5" branch="false" />
            <line number="3014" hits="182" branch="false" />
            <line number="3016" hits="187" branch="false" />
            <line number="3018" hits="0" branch="false" />
            <line number="3021" hits="131" branch="false" />
            <line number="3022" hits="171" branch="true" condition-coverage="100% (2/2)" />
            <line number="3023" hits="131" branch="false" />
          </lines>
        </class>
        <class name="SQLite.PreparedSqlLiteInsertCommand" filename="/Users/runner/work/KsWare.Data.SQLitePCL/KsWare.Data.SQLitePCL/src/SQLite.cs" line-rate="0.9230769230769231" branch-rate="0.8" complexity="2">
          <methods>
            <method name=".ctor" signature="(SQLite.SQLiteConnection,System.String)" line-rate="1" branch-rate="1" complexity="NaN">
              <lines>
                <line number="3700" hits="171" branch="false" />
                <line number="3701" hits="171" branch="false" />
                <line number="3702" hits="171" branch="false" />
                <line number="3703" hits="171" branch="false" />
                <line number="3704" hits="171" branch="false" />
              </lines>
            </method>
            <method name="ExecuteNonQuery" signature="(System.Object[])" line-rate="0.875" branch-rate="0.8333333333333334" complexity="NaN">
              <lines>
                <line number="3707" hits="13072" branch="false" />
                <line number="3708" hits="13072" branch="true" condition-coverage="50% (1/2)" />
                <line number="3709" hits="0" branch="false" />
                <line number="3712" hits="14820" branch="true" condition-coverage="100% (2/2)" />
                <line number="3713" hits="1748" branch="true" condition-coverage="100% (2/2)" />
                <line number="3714" hits="1748" branch="false" />
                <line number="3716" hits="13072" branch="false" />
                <line number="3718" hits="13243" branch="true" condition-coverage="100% (2/2)" />
                <line number="3719" hits="171" branch="false" />
                <line number="3720" hits="171" branch="false" />
                <line number="3721" hits="171" branch="false" />
                <line number="3724" hits="26144" branch="true" condition-coverage="50% (1/2)" />
                <line number="3725" hits="78110" branch="true" condition-coverage="100% (2/2)" />
                <line number="3726" hits="17322" branch="false" />
                <line number="3727" hits="17322" branch="false" />
                <line number="3728" hits="13072" branch="false" />
                <line number="3729" hits="13072" branch="false" />
                <line number="3731" hits="26137" branch="true" condition-coverage="100% (2/2)" />
                <line number="3732" hits="13065" branch="false" />
                <line number="3733" hits="13065" branch="false" />
                <line number="3734" hits="13065" branch="false" />
                <line number="3736" hits="7" branch="true" condition-coverage="50% (1/2)" />
                <line number="3737" hits="0" branch="false" />
                <line number="3738" hits="0" branch="false" />
                <line number="3739" hits="0" branch="false" />
                <line number="3741" hits="10" branch="true" condition-coverage="100% (2/2)" />
                <line number="3742" hits="3" branch="false" />
                <line number="3743" hits="3" branch="false" />
                <line number="3745" hits="4" branch="false" />
                <line number="3746" hits="4" branch="false" />
                <line number="3747" hits="4" branch="false" />
                <line number="3749" hits="13065" branch="false" />
              </lines>
            </method>
            <method name="Dispose" signature="()" line-rate="1" branch-rate="1" complexity="1">
              <lines>
                <line number="3752" hits="82" branch="false" />
                <line number="3753" hits="82" branch="false" />
                <line number="3754" hits="82" branch="false" />
                <line number="3755" hits="82" branch="false" />
              </lines>
            </method>
            <method name="Dispose" signature="(System.Boolean)" line-rate="1" branch-rate="0.5" complexity="NaN">
              <lines>
                <line number="3758" hits="153" branch="false" />
                <line number="3759" hits="153" branch="false" />
                <line number="3760" hits="153" branch="false" />
                <line number="3761" hits="153" branch="false" />
                <line number="3762" hits="306" branch="true" condition-coverage="50% (1/2)" />
                <line number="3763" hits="153" branch="false" />
                <line number="3764" hits="153" branch="false" />
                <line number="3765" hits="153" branch="false" />
              </lines>
            </method>
            <method name="Finalize" signature="()" line-rate="1" branch-rate="1" complexity="1">
              <lines>
                <line number="3768" hits="142" branch="false" />
                <line number="3769" hits="71" branch="false" />
                <line number="3770" hits="142" branch="false" />
              </lines>
            </method>
          </methods>
          <lines>
            <line number="3700" hits="171" branch="false" />
            <line number="3701" hits="171" branch="false" />
            <line number="3702" hits="171" branch="false" />
            <line number="3703" hits="171" branch="false" />
            <line number="3704" hits="171" branch="false" />
            <line number="3707" hits="13072" branch="false" />
            <line number="3708" hits="13072" branch="true" condition-coverage="50% (1/2)" />
            <line number="3709" hits="0" branch="false" />
            <line number="3712" hits="14820" branch="true" condition-coverage="100% (2/2)" />
            <line number="3713" hits="1748" branch="true" condition-coverage="100% (2/2)" />
            <line number="3714" hits="1748" branch="false" />
            <line number="3716" hits="13072" branch="false" />
            <line number="3718" hits="13243" branch="true" condition-coverage="100% (2/2)" />
            <line number="3719" hits="171" branch="false" />
            <line number="3720" hits="171" branch="false" />
            <line number="3721" hits="171" branch="false" />
            <line number="3724" hits="26144" branch="true" condition-coverage="50% (1/2)" />
            <line number="3725" hits="78110" branch="true" condition-coverage="100% (2/2)" />
            <line number="3726" hits="17322" branch="false" />
            <line number="3727" hits="17322" branch="false" />
            <line number="3728" hits="13072" branch="false" />
            <line number="3729" hits="13072" branch="false" />
            <line number="3731" hits="26137" branch="true" condition-coverage="100% (2/2)" />
            <line number="3732" hits="13065" branch="false" />
            <line number="3733" hits="13065" branch="false" />
            <line number="3734" hits="13065" branch="false" />
            <line number="3736" hits="7" branch="true" condition-coverage="50% (1/2)" />
            <line number="3737" hits="0" branch="false" />
            <line number="3738" hits="0" branch="false" />
            <line number="3739" hits="0" branch="false" />
[...]
            <line number="3991" hits="19" branch="false" />
            <line number="3992" hits="19" branch="false" />
            <line number="3993" hits="19" branch="false" />
            <line number="3994" hits="19" branch="false" />
            <line number="3996" hits="0" branch="false" />
            <line number="3997" hits="0" branch="false" />
            <line number="4000" hits="0" branch="false" />
            <line number="4001" hits="0" branch="false" />
            <line number="4003" hits="19" branch="false" />
            <line number="4006" hits="587" branch="false" />
            <line number="4007" hits="1174" branch="true" condition-coverage="50% (1/2)" />
            <line number="4008" hits="587" branch="false" />
            <line number="4009" hits="587" branch="false" />
            <line number="4010" hits="0" branch="false" />
            <line number="4011" hits="0" branch="false" />
            <line number="4012" hits="0" branch="false" />
            <line number="4013" hits="587" branch="false" />
            <line number="4044" hits="677" branch="false" />
            <line number="4045" hits="677" branch="true" condition-coverage="50% (1/2)" />
            <line number="4046" hits="0" branch="false" />
            <line number="4048" hits="677" branch="false" />
            <line number="4049" hits="677" branch="false" />
            <line number="4050" hits="677" branch="false" />
            <line number="4051" hits="1264" branch="true" condition-coverage="100% (2/2)" />
            <line number="4052" hits="587" branch="false" />
            <line number="4053" hits="587" branch="false" />
            <line number="4054" hits="587" branch="false" />
            <line number="4055" hits="697" branch="true" condition-coverage="100% (2/2)" />
            <line number="4056" hits="40" branch="false" />
            <line number="4057" hits="20" branch="false" />
            <line number="4058" hits="20" branch="false" />
            <line number="4059" hits="709" branch="true" condition-coverage="100% (2/2)" />
            <line number="4060" hits="32" branch="false" />
            <line number="4061" hits="32" branch="false" />
            <line number="4062" hits="681" branch="true" condition-coverage="100% (2/2)" />
            <line number="4063" hits="7" branch="true" condition-coverage="100% (2/2)" />
            <line number="4064" hits="3" branch="false" />
            <line number="4065" hits="3" branch="false" />
            <line number="4066" hits="4" branch="false" />
            <line number="4067" hits="4" branch="false" />
            <line number="4068" hits="677" branch="false" />
            <line number="4070" hits="677" branch="false" />
            <line number="4080" hits="2809" branch="false" />
            <line number="4081" hits="2809" branch="true" condition-coverage="50% (1/2)" />
            <line number="4082" hits="0" branch="false" />
            <line number="4084" hits="3366" branch="true" condition-coverage="100% (2/2)" />
            <line number="4085" hits="557" branch="false" />
            <line number="4089" hits="558" branch="true" condition-coverage="100% (2/2)" />
            <line number="4090" hits="1" branch="false" />
            <line number="4091" hits="1" branch="true" condition-coverage="50% (1/2)" />
            <line number="4092" hits="1" branch="false" />
            <line number="4093" hits="1" branch="false" />
            <line number="4094" hits="1" branch="false" />
            <line number="4097" hits="557" branch="false" />
            <line number="4098" hits="557" branch="false" />
            <line number="4102" hits="557" branch="true" condition-coverage="50% (1/2)" />
            <line number="4103" hits="0" branch="false" />
            <line number="4104" hits="557" branch="true" condition-coverage="100% (2/2)" />
            <line number="4105" hits="7" branch="false" />
            <line number="4107" hits="550" branch="false" />
            <line number="4108" hits="557" branch="false" />
            <line number="4110" hits="2256" branch="true" condition-coverage="100% (2/2)" />
            <line number="4111" hits="4" branch="false" />
            <line number="4112" hits="4" branch="false" />
            <line number="4113" hits="4" branch="false" />
            <line number="4114" hits="4" branch="true" condition-coverage="50% (1/2)" />
            <line number="4115" hits="0" branch="false" />
            <line number="4116" hits="4" branch="false" />
            <line number="4117" hits="4" branch="false" />
            <line number="4118" hits="4" branch="false" />
            <line number="4119" hits="4" branch="false" />
            <line number="4121" hits="2282" branch="true" condition-coverage="100% (2/2)" />
            <line number="4123" hits="34" branch="false" />
            <line number="4124" hits="34" branch="false" />
            <line number="4125" hits="34" branch="false" />
            <line number="4127" hits="185" branch="true" condition-coverage="100% (2/2)" />
            <line number="4128" hits="39" branch="false" />
            <line number="4129" hits="39" branch="false" />
            <line number="4131" hits="34" branch="false" />
            <line number="4133" hits="34" branch="true" condition-coverage="50% (1/2)" />
            <line number="4134" hits="0" branch="false" />
            <line number="4135" hits="0" branch="false" />
            <line number="4136" hits="38" branch="true" condition-coverage="100% (2/2)" />
            <line number="4137" hits="4" branch="false" />
            <line number="4138" hits="4" branch="false" />
            <line number="4139" hits="37" branch="true" condition-coverage="100% (2/2)" />
            <line number="4140" hits="13" branch="true" condition-coverage="100% (2/2)" />
            <line number="4141" hits="6" branch="false" />
            <line number="4142" hits="6" branch="false" />
            <line number="4143" hits="1" branch="false" />
            <line number="4144" hits="1" branch="false" />
            <line number="4145" hits="1" branch="false" />
            <line number="4146" hits="7" branch="false" />
            <line number="4147" hits="30" branch="true" condition-coverage="100% (2/2)" />
            <line number="4148" hits="7" branch="false" />
            <line number="4149" hits="8" branch="true" condition-coverage="100% (2/2)" />
            <line number="4150" hits="1" branch="false" />
            <line number="4151" hits="1" branch="false" />
            <line number="4152" hits="7" branch="true" condition-coverage="50% (2/4)" />
            <line number="4155" hits="6" branch="false" />
            <line number="4156" hits="6" branch="false" />
            <line number="4159" hits="1" branch="false" />
            <line number="4160" hits="1" branch="false" />
            <line number="4163" hits="7" branch="false" />
            <line number="4164" hits="19" branch="true" condition-coverage="100% (2/2)" />
            <line number="4165" hits="3" branch="false" />
            <line number="4166" hits="3" branch="true" condition-coverage="50% (1/2)" />
            <line number="4167" hits="0" branch="false" />
            <line number="4168" hits="0" branch="false" />
            <line number="4169" hits="3" branch="true" condition-coverage="25% (1/4)" />
            <line number="4172" hits="3" branch="false" />
            <line number="4173" hits="3" branch="false" />
            <line number="4176" hits="0" branch="false" />
            <line number="4177" hits="0" branch="false" />
            <line number="4179" hits="3" branch="false" />
            <line number="4180" hits="19" branch="true" condition-coverage="100% (2/2)" />
            <line number="4181" hits="6" branch="false" />
            <line number="4182" hits="6" branch="false" />
            <line number="4183" hits="7" branch="true" condition-coverage="50% (1/2)" />
            <line number="4184" hits="0" branch="false" />
            <line number="4185" hits="0" branch="false" />
            <line number="4186" hits="8" branch="true" condition-coverage="100% (2/2)" />
            <line number="4187" hits="1" branch="false" />
            <line number="4188" hits="1" branch="false" />
            <line number="4189" hits="7" branch="true" condition-coverage="100% (2/2)" />
            <line number="4190" hits="1" branch="false" />
            <line number="4191" hits="1" branch="false" />
            <line number="4192" hits="10" branch="true" condition-coverage="50% (1/2)" />
            <line number="4193" hits="5" branch="false" />
            <line number="4194" hits="5" branch="false" />
            <line number="4195" hits="0" branch="false" />
            <line number="4196" hits="0" branch="false" />
            <line number="4197" hits="0" branch="false" />
            <line number="4198" hits="34" branch="false" />
            <line number="4201" hits="2801" branch="true" condition-coverage="100% (2/2)" />
            <line number="4202" hits="587" branch="false" />
            <line number="4203" hits="587" branch="false" />
            <line number="4204" hits="587" branch="false" />
            <line number="4205" hits="587" branch="false" />
            <line number="4206" hits="587" branch="false" />
            <line number="4207" hits="587" branch="false" />
            <line number="4209" hits="1635" branch="true" condition-coverage="100% (2/2)" />
            <line number="4210" hits="8" branch="false" />
            <line number="4211" hits="8" branch="false" />
            <line number="4212" hits="8" branch="false" />
            <line number="4213" hits="8" branch="true" condition-coverage="100% (2/2)" />
            <line number="4214" hits="8" branch="false" />
            <line number="4215" hits="8" branch="false" />
            <line number="4216" hits="8" branch="false" />
            <line number="4218" hits="3238" branch="true" condition-coverage="50% (1/2)" />
            <line number="4219" hits="1619" branch="false" />
            <line number="4221" hits="1619" branch="false" />
            <line number="4222" hits="2649" branch="true" condition-coverage="100% (2/2)" />
            <line number="4223" hits="1030" branch="false" />
            <line number="4224" hits="1031" branch="true" condition-coverage="100% (2/2)" />
            <line number="4225" hits="1" branch="false" />
            <line number="4226" hits="1" branch="false" />
            <line number="4227" hits="1030" branch="false" />
            <line number="4229" hits="2209" branch="true" condition-coverage="100% (2/2)" />
            <line number="4234" hits="590" branch="false" />
            <line number="4235" hits="590" branch="false" />
            <line number="4237" hits="1029" branch="false" />
            <line number="4238" hits="1029" branch="false" />
            <line number="4239" hits="2058" branch="true" condition-coverage="50% (1/2)" />
            <line number="4240" hits="1029" branch="false" />
            <line number="4241" hits="1029" branch="true" condition-coverage="50% (1/2)" />
            <line number="4242" hits="0" branch="false" />
            <line number="4244" hits="2058" branch="true" condition-coverage="50% (1/2)" />
            <line number="4245" hits="1029" branch="false" />
            <line number="4246" hits="1029" branch="false" />
            <line number="4247" hits="1029" branch="false" />
            <line number="4248" hits="1029" branch="false" />
            <line number="4253" hits="1029" branch="false" />
            <line number="4255" hits="1535" branch="true" condition-coverage="100% (2/2)" />
            <line number="4256" hits="506" branch="false" />
            <line number="4257" hits="506" branch="false" />
            <line number="4258" hits="506" branch="false" />
            <line number="4259" hits="1046" branch="true" condition-coverage="50% (1/2)" />
            <line number="4260" hits="523" branch="false" />
            <line number="4261" hits="523" branch="false" />
            <line number="4262" hits="523" branch="false" />
            <line number="4263" hits="0" branch="false" />
            <line number="4264" hits="0" branch="false" />
            <line number="4270" hits="1034" branch="true" condition-coverage="100% (2/2)" />
            <line number="4271" hits="5" branch="false" />
            <line number="4272" hits="5" branch="false" />
            <line number="4273" hits="5" branch="false" />
            <line number="4274" hits="87" branch="true" condition-coverage="100% (2/2)" />
            <line number="4275" hits="24" branch="false" />
            <line number="4276" hits="24" branch="false" />
            <line number="4277" hits="24" branch="false" />
            <line number="4278" hits="24" branch="false" />
            <line number="4279" hits="24" branch="false" />
            <line number="4280" hits="5" branch="false" />
            <line number="4281" hits="5" branch="false" />
            <line number="4282" hits="5" branch="false" />
            <line number="4283" hits="5" branch="false" />
            <line number="4284" hits="5" branch="false" />
            <line number="4286" hits="1024" branch="false" />
            <line number="4287" hits="1024" branch="false" />
            <line number="4288" hits="1024" branch="false" />
            <line number="4289" hits="1024" branch="false" />
            <line number="4290" hits="1024" branch="false" />
            <line number="4291" hits="1024" branch="false" />
            <line number="4295" hits="0" branch="false" />
            <line number="4296" hits="2809" branch="false" />
            <line number="4299" hits="5" branch="false" />
            <line number="4300" hits="5" branch="false" />
            <line number="4302" hits="10" branch="true" condition-coverage="50% (1/2)" />
            <line number="4303" hits="5" branch="true" condition-coverage="50% (1/2)" />
            <line number="4304" hits="0" branch="false" />
            <line number="4305" hits="5" branch="false" />
            <line number="4307" hits="0" branch="false" />
            <line number="4308" hits="0" branch="false" />
            <line number="4310" hits="5" branch="false" />
            <line number="4318" hits="7" branch="false" />
            <line number="4319" hits="7" branch="true" condition-coverage="100% (2/2)" />
            <line number="4320" hits="5" branch="false" />
            <line number="4321" hits="2" branch="true" condition-coverage="50% (1/2)" />
            <line number="4322" hits="2" branch="false" />
            <line number="4323" hits="0" branch="true" condition-coverage="0% (0/2)" />
            <line number="4324" hits="0" branch="false" />
            <line number="4325" hits="0" branch="false" />
            <line number="4326" hits="0" branch="false" />
            <line number="4327" hits="0" branch="false" />
            <line number="4329" hits="0" branch="false" />
            <line number="4330" hits="7" branch="false" />
            <line number="4333" hits="550" branch="false" />
            <line number="4334" hits="550" branch="false" />
            <line number="4335" hits="550" branch="true" condition-coverage="100% (2/2)" />
            <line number="4336" hits="5" branch="false" />
            <line number="4337" hits="545" branch="true" condition-coverage="50% (1/2)" />
            <line number="4338" hits="0" branch="false" />
            <line number="4340" hits="545" branch="true" condition-coverage="50% (1/2)" />
            <line number="4341" hits="0" branch="false" />
            <line number="4343" hits="545" branch="true" condition-coverage="50% (1/2)" />
            <line number="4344" hits="0" branch="false" />
            <line number="4346" hits="545" branch="true" condition-coverage="50% (1/2)" />
            <line number="4347" hits="0" branch="false" />
            <line number="4349" hits="545" branch="true" condition-coverage="50% (1/2)" />
            <line number="4350" hits="0" branch="false" />
            <line number="4352" hits="545" branch="true" condition-coverage="50% (1/2)" />
            <line number="4353" hits="0" branch="false" />
            <line number="4355" hits="545" branch="true" condition-coverage="50% (1/2)" />
            <line number="4356" hits="0" branch="false" />
            <line number="4358" hits="1090" branch="true" condition-coverage="50% (1/2)" />
            <line number="4359" hits="545" branch="false" />
            <line number="4361" hits="0" branch="true" condition-coverage="0% (0/2)" />
            <line number="4362" hits="0" branch="false" />
            <line number="4364" hits="0" branch="false" />
            <line number="4365" hits="0" branch="false" />
            <line number="4367" hits="550" branch="false" />
            <line number="4373" hits="69" branch="false" />
            <line number="4374" hits="69" branch="false" />
            <line number="4375" hits="67" branch="false" />
            <line number="4381" hits="0" branch="false" />
            <line number="4382" hits="0" branch="false" />
            <line number="4383" hits="0" branch="false" />
            <line number="4386" hits="15" branch="false" />
            <line number="4387" hits="15" branch="true" condition-coverage="50% (1/2)" />
            <line number="4388" hits="15" branch="false" />
            <line number="4390" hits="0" branch="false" />
            <line number="4391" hits="15" branch="false" />
            <line number="4394" hits="0" branch="false" />
            <line number="4395" hits="0" branch="false" />
            <line number="4396" hits="0" branch="false" />
            <line number="4402" hits="583" branch="false" />
            <line number="4403" hits="583" branch="false" />
            <line number="4404" hits="583" branch="false" />
            <line number="4410" hits="10" branch="false" />
            <line number="4411" hits="10" branch="false" />
            <line number="4412" hits="10" branch="false" />
            <line number="4418" hits="20" branch="false" />
            <line number="4419" hits="20" branch="false" />
            <line number="4420" hits="20" branch="false" />
            <line number="4421" hits="19" branch="false" />
            <line number="4427" hits="11" branch="false" />
            <line number="4428" hits="11" branch="false" />
            <line number="4429" hits="11" branch="false" />
            <line number="4430" hits="11" branch="false" />
            <line number="4436" hits="3" branch="false" />
            <line number="4437" hits="3" branch="false" />
            <line number="4438" hits="3" branch="false" />
            <line number="4445" hits="1" branch="false" />
            <line number="4446" hits="1" branch="false" />
            <line number="4447" hits="1" branch="false" />
          </lines>
        </class>
        <class name="SQLite.UniqueAttribute" filename="/Users/runner/work/KsWare.Data.SQLitePCL/KsWare.Data.SQLitePCL/src/SQLite.cs" line-rate="0.5" branch-rate="1" complexity="NaN">
          <methods>
            <method name="Unique" signature="()" line-rate="1" branch-rate="1" complexity="NaN">
              <lines>
                <line number="2478" hits="15" branch="false" />
              </lines>
            </method>
            <method name="Unique" signature="(System.Boolean)" line-rate="0" branch-rate="1" complexity="NaN">
              <lines>
                <line number="2479" hits="0" branch="false" />
              </lines>
            </method>
          </methods>
          <lines>
            <line number="2478" hits="15" branch="false" />
            <line number="2479" hits="0" branch="false" />
          </lines>
        </class>
      </classes>
    </package>
  </packages>
</coverage>